![1778148610154](image/api/1778148610154.png)![1778148611611](image/api/1778148611611.png)![1778148617729](image/api/1778148617729.png)![1778148620160](image/api/1778148620160.png)![1778148620732](image/api/1778148620732.png)POST /api/users/login 500 40.925 ms - 1759
POST /api/users/login 500 32.881 ms - 1759
GET /api/notifications/6440827f7b7d9337a2202d16?unread=true 500 25.128 ms - 158
GET /api/users/69fc15513c6f97086059dd82?includeProfiles=true&fields=_id,name,email,phone,avatar,photo,role,roleName,department,sem,usn,cabin,collegeCode 500 23.789 ms - 158
GET /api/mentors/allocation-students?page=1&limit=1000 500 19.810 ms - 158
GET /api/users?page=1&limit=200&fields=_id,name,email,phone,avatar,photo,role,roleName,profile,status,lastActivity,department,sem,usn,cabin&includeProfiles=true 500 19.609 ms - 158
GET /api/forms/drafts/auto_admin_add_user?scopeId=69fc15513c6f97086059dd82 500 28.053 ms - 158
GET /api/departments?collegeCode=CMRIT&status=active 500 22.430 ms - 158
GET /api/roles/student 500 21.712 ms - 158
PUT /api/forms/drafts/auto_admin_add_user 500 23.884 ms - 158
GET /api/notifications/6440827f7b7d9337a2202d16?unread=true 500 22.805 ms - 158
GET /api/users/69fc15513c6f97086059dd82?includeProfiles=true&fields=_id,name,email,phone,avatar,photo,role,roleName,department,sem,usn,cabin,collegeCode 500 22.765 ms - 158
GET /api/forms/drafts/auto_admin_add_user?scopeId=69fc15513c6f97086059dd82 500 32.230 ms - 158
GET /api/roles/student 500 32.487 ms - 158
GET /api/departments?collegeCode=CMRIT&status=active 500 32.308 ms - 158
GET /api/users?page=1&limit=200&fields=_id,name,email,phone,avatar,photo,role,roleName,profile,status,lastActivity,department,sem,usn,cabin&includeProfiles=true 500 20.722 ms - 158
GET /api/notifications/6440827f7b7d9337a2202d16?unread=true 500 18.100 ms - 158
GET /api/users/69fc15513c6f97086059dd82?includeProfiles=true&fields=_id,name,email,phone,avatar,photo,role,roleName,department,sem,usn,cabin,collegeCode 500 17.941 ms - 158
GET /api/users?page=1&limit=200&fields=_id,name,email,phone,avatar,photo,role,roleName,profile,status,lastActivity,department,sem,usn,cabin&includeProfiles=true 500 17.863 ms - 158
GET /api/notifications/6440827f7b7d9337a2202d16?unread=true 500 27.332 ms - 158
GET /api/users/69fc15513c6f97086059dd82?includeProfiles=true&fields=_id,name,email,phone,avatar,photo,role,roleName,department,sem,usn,cabin,collegeCode 500 24.105 ms - 158
GET /api/forms/drafts/auto_admin_add_user?scopeId=69fc15513c6f97086059dd82 500 19.597 ms - 158
GET /api/departments?collegeCode=CMRIT&status=active 500 19.006 ms - 158
GET /api/roles/student 500 21.701 ms - 158
GET /api/notifications/6440827f7b7d9337a2202d16?unread=true 500 18.458 ms - 158
GET /api/users/69fc15513c6f97086059dd82?includeProfiles=true&fields=_id,name,email,phone,avatar,photo,role,roleName,department,sem,usn,cabin,collegeCode 500 18.070 ms - 158
GET /api/forms/drafts/auto_admin_add_user?scopeId=69fc15513c6f97086059dd82 500 19.245 ms - 158
GET /api/roles/student 500 18.984 ms - 158
GET /api/departments?collegeCode=CMRIT&status=active 500 19.336 ms - 158
GET /api/users?page=1&limit=200&fields=_id,name,email,phone,avatar,photo,role,roleName,profile,status,lastActivity,department,sem,usn,cabin&includeProfiles=true 500 18.499 ms - 158
GET /api/notifications/6440827f7b7d9337a2202d16?unread=true 500 18.882 ms - 158
GET /api/users/69fc15513c6f97086059dd82?includeProfiles=true&fields=_id,name,email,phone,avatar,photo,role,roleName,department,sem,usn,cabin,collegeCode 500 17.921 ms - 158
GET /api/users?page=1&limit=200&fields=_id,name,email,phone,avatar,photo,role,roleName,profile,status,lastActivity,department,sem,usn,cabin&includeProfiles=true 500 18.077 ms - 158
GET /api/notifications/6440827f7b7d9337a2202d16?unread=true 500 31.657 ms - 158
GET /api/users/69fc15513c6f97086059dd82?includeProfiles=true&fields=_id,name,email,phone,avatar,photo,role,roleName,department,sem,usn,cabin,collegeCode 500 25.950 ms - 158
GET /api/notifications/6440827f7b7d9337a2202d16?unread=true 401 1.456 ms - 222
POST /api/admin/upload-history 500 136.017 ms - 174
POST /api/admin/upload-history 500 119.189 ms - 174
POST /api/users/signup 500 58.477 ms - 1765
POST /api/admin/upload-history 500 146.997 ms - 174
POST /api/users/signup 400 70.905 ms - 1684
POST /api/users/signup 400 49.284 ms - 1684
POST /api/users/signup 400 57.766 ms - 1684
POST /api/users/signup 400 48.043 ms - 1684
POST /api/users/signup 400 47.929 ms - 1684
POST /api/users/signup 400 76.917 ms - 1684
POST /api/users/signup 400 47.887 ms - 1684
POST /api/users/signup 400 47.651 ms - 1684
POST /api/users/signup 400 281.973 ms - 1684
POST /api/users/signup 400 48.246 ms - 1684
POST /api/users/signup 400 48.316 ms - 1684
POST /api/users/signup 400 49.032 ms - 1684
GET /api/notifications/6440827f7b7d9337a2202d16?unread=true 401 5.564 ms - 3236
POST /api/users/login 400 6.940 ms - 3174
POST /api/users/login 401 34.547 ms - 530
POST /api/users/login 401 32.027 ms - 530
POST /api/users/signup 400 76.586 ms - 1684
POST /api/users/signup 400 49.257 ms - 1684
POST /api/users/signup 400 49.321 ms - 1684
POST /api/users/signup 400 50.257 ms - 1684
POST /api/users/signup 400 49.804 ms - 1684
POST /api/users/signup 400 49.142 ms - 1684
POST /api/users/signup 400 48.183 ms - 1684
POST /api/users/signup 400 61.222 ms - 1684
POST /api/users/signup 400 53.100 ms - 1684
POST /api/users/signup 400 48.724 ms - 1684
POST /api/users/signup 400 49.732 ms - 1684
POST /api/users/signup 400 50.957 ms - 1684
POST /api/users/signup 400 73.017 ms - 1684
POST /api/users/signup 400 66.137 ms - 1684
POST /api/users/signup 400 64.906 ms - 1684
POST /api/users/signup 400 55.302 ms - 1684
POST /api/users/signup 400 56.215 ms - 1684
POST /api/users/signup 400 49.564 ms - 1684
POST /api/users/signup 400 48.815 ms - 1684
POST /api/users/signup 400 48.335 ms - 1684
POST /api/users/signup 400 49.135 ms - 1684
POST /api/users/signup 400 48.504 ms - 1684
POST /api/users/signup 400 48.291 ms - 1684
POST /api/users/signup 400 48.464 ms - 1684
POST /api/users/signup 400 63.859 ms - 1718
POST /api/users/signup 400 59.627 ms - 1720
POST /api/users/signup 400 48.937 ms - 1720
POST /api/users/signup 400 50.226 ms - 1728
POST /api/users/signup 400 53.237 ms - 1730
POST /api/users/signup 400 49.468 ms - 1728
POST /api/users/signup 400 48.463 ms - 1722
POST /api/users/signup 400 48.213 ms - 1718
POST /api/users/signup 400 51.503 ms - 1714
POST /api/users/signup 400 83.344 ms - 1718
POST /api/users/signup 400 66.627 ms - 1726
POST /api/users/signup 400 51.504 ms - 1718
POST /api/users/signup 400 84.855 ms - 1718
POST /api/users/signup 400 56.678 ms - 1720
POST /api/users/signup 400 54.998 ms - 1720
POST /api/users/signup 400 52.436 ms - 1728
POST /api/users/signup 400 54.162 ms - 1730
POST /api/users/signup 400 52.399 ms - 1728
POST /api/users/signup 400 53.153 ms - 1722
POST /api/users/signup 400 52.518 ms - 1718
POST /api/users/signup 400 53.376 ms - 1714
POST /api/users/signup 400 53.951 ms - 1718
POST /api/users/signup 400 60.155 ms - 1726
POST /api/users/signup 400 51.353 ms - 1718
